error: 
    status - 500 
    message - Error: Mismatch
    at _callee2$ (D:\CFPWorkspace\New-Project\back-end\src\services\/user.service.js:11:11)
    at tryCatch (D:\CFPWorkspace\New-Project\back-end\node_modules\@babel\runtime\helpers\regeneratorRuntime.js:45:16)
    at Generator.<anonymous> (D:\CFPWorkspace\New-Project\back-end\node_modules\@babel\runtime\helpers\regeneratorRuntime.js:133:17)
    at Generator.next (D:\CFPWorkspace\New-Project\back-end\node_modules\@babel\runtime\helpers\regeneratorRuntime.js:74:21)
    at asyncGeneratorStep (D:\CFPWorkspace\New-Project\back-end\node_modules\@babel\runtime\helpers\asyncToGenerator.js:3:24)
    at _next (D:\CFPWorkspace\New-Project\back-end\node_modules\@babel\runtime\helpers\asyncToGenerator.js:22:9)
    at processTicksAndRejections (node:internal/process/task_queues:95:5) 
    url - /api/v1/users/login 
    method - POST 
    IP - ::1
   {"timestamp":"2024-03-14T11:55:03.177Z"}
error: 
    status - 500 
    message - Error: Mismatch
    at _callee2$ (D:\CFPWorkspace\New-Project\back-end\src\services\/user.service.js:11:11)
    at tryCatch (D:\CFPWorkspace\New-Project\back-end\node_modules\@babel\runtime\helpers\regeneratorRuntime.js:45:16)
    at Generator.<anonymous> (D:\CFPWorkspace\New-Project\back-end\node_modules\@babel\runtime\helpers\regeneratorRuntime.js:133:17)
    at Generator.next (D:\CFPWorkspace\New-Project\back-end\node_modules\@babel\runtime\helpers\regeneratorRuntime.js:74:21)
    at asyncGeneratorStep (D:\CFPWorkspace\New-Project\back-end\node_modules\@babel\runtime\helpers\asyncToGenerator.js:3:24)
    at _next (D:\CFPWorkspace\New-Project\back-end\node_modules\@babel\runtime\helpers\asyncToGenerator.js:22:9)
    at processTicksAndRejections (node:internal/process/task_queues:95:5) 
    url - /api/v1/users/login 
    method - POST 
    IP - ::1
   {"timestamp":"2024-03-14T11:56:34.324Z"}
error: 
    status - 500 
    message - Error: Mismatch
    at _callee2$ (D:\CFPWorkspace\New-Project\back-end\src\services\/user.service.js:12:11)
    at tryCatch (D:\CFPWorkspace\New-Project\back-end\node_modules\@babel\runtime\helpers\regeneratorRuntime.js:45:16)
    at Generator.<anonymous> (D:\CFPWorkspace\New-Project\back-end\node_modules\@babel\runtime\helpers\regeneratorRuntime.js:133:17)
    at Generator.next (D:\CFPWorkspace\New-Project\back-end\node_modules\@babel\runtime\helpers\regeneratorRuntime.js:74:21)
    at asyncGeneratorStep (D:\CFPWorkspace\New-Project\back-end\node_modules\@babel\runtime\helpers\asyncToGenerator.js:3:24)
    at _next (D:\CFPWorkspace\New-Project\back-end\node_modules\@babel\runtime\helpers\asyncToGenerator.js:22:9)
    at processTicksAndRejections (node:internal/process/task_queues:95:5) 
    url - /api/v1/users/login 
    method - POST 
    IP - ::1
   {"timestamp":"2024-03-14T11:57:20.490Z"}
error: 
    status - 500 
    message - TypeError: Cannot read properties of undefined (reading 'getCurrentPosition')
    at EventEmitter.getCurrentPosition (D:\CFPWorkspace\New-Project\back-end\node_modules\geolocation\index.js:41:25)
    at _callee2$ (D:\CFPWorkspace\New-Project\back-end\src\services\/user.service.js:14:15)
    at tryCatch (D:\CFPWorkspace\New-Project\back-end\node_modules\@babel\runtime\helpers\regeneratorRuntime.js:45:16)
    at Generator.<anonymous> (D:\CFPWorkspace\New-Project\back-end\node_modules\@babel\runtime\helpers\regeneratorRuntime.js:133:17)
    at Generator.next (D:\CFPWorkspace\New-Project\back-end\node_modules\@babel\runtime\helpers\regeneratorRuntime.js:74:21)
    at asyncGeneratorStep (D:\CFPWorkspace\New-Project\back-end\node_modules\@babel\runtime\helpers\asyncToGenerator.js:3:24)
    at _next (D:\CFPWorkspace\New-Project\back-end\node_modules\@babel\runtime\helpers\asyncToGenerator.js:22:9)
    at D:\CFPWorkspace\New-Project\back-end\node_modules\@babel\runtime\helpers\asyncToGenerator.js:27:7
    at new Promise (<anonymous>)
    at Object.apply (D:\CFPWorkspace\New-Project\back-end\node_modules\@babel\runtime\helpers\asyncToGenerator.js:19:12)
    at Object.login (D:\CFPWorkspace\New-Project\back-end\src\services\/user.service.js:9:19)
    at _callee$ (D:\CFPWorkspace\New-Project\back-end\src\controllers\/user.controller.js:6:36)
    at tryCatch (D:\CFPWorkspace\New-Project\back-end\node_modules\@babel\runtime\helpers\regeneratorRuntime.js:45:16)
    at Generator.<anonymous> (D:\CFPWorkspace\New-Project\back-end\node_modules\@babel\runtime\helpers\regeneratorRuntime.js:133:17)
    at Generator.next (D:\CFPWorkspace\New-Project\back-end\node_modules\@babel\runtime\helpers\regeneratorRuntime.js:74:21)
    at asyncGeneratorStep (D:\CFPWorkspace\New-Project\back-end\node_modules\@babel\runtime\helpers\asyncToGenerator.js:3:24)
    at _next (D:\CFPWorkspace\New-Project\back-end\node_modules\@babel\runtime\helpers\asyncToGenerator.js:22:9)
    at D:\CFPWorkspace\New-Project\back-end\node_modules\@babel\runtime\helpers\asyncToGenerator.js:27:7
    at new Promise (<anonymous>)
    at apply (D:\CFPWorkspace\New-Project\back-end\node_modules\@babel\runtime\helpers\asyncToGenerator.js:19:12)
    at login (D:\CFPWorkspace\New-Project\back-end\src\controllers\/user.controller.js:4:19)
    at Layer.handle [as handle_request] (D:\CFPWorkspace\New-Project\back-end\node_modules\express\lib\router\layer.js:95:5)
    at next (D:\CFPWorkspace\New-Project\back-end\node_modules\express\lib\router\route.js:149:13)
    at Route.dispatch (D:\CFPWorkspace\New-Project\back-end\node_modules\express\lib\router\route.js:119:3)
    at Layer.handle [as handle_request] (D:\CFPWorkspace\New-Project\back-end\node_modules\express\lib\router\layer.js:95:5)
    at D:\CFPWorkspace\New-Project\back-end\node_modules\express\lib\router\index.js:284:15
    at Function.process_params (D:\CFPWorkspace\New-Project\back-end\node_modules\express\lib\router\index.js:346:12)
    at next (D:\CFPWorkspace\New-Project\back-end\node_modules\express\lib\router\index.js:280:10)
    at Function.handle (D:\CFPWorkspace\New-Project\back-end\node_modules\express\lib\router\index.js:175:3)
    at router (D:\CFPWorkspace\New-Project\back-end\node_modules\express\lib\router\index.js:47:12)
    at Layer.handle [as handle_request] (D:\CFPWorkspace\New-Project\back-end\node_modules\express\lib\router\layer.js:95:5)
    at trim_prefix (D:\CFPWorkspace\New-Project\back-end\node_modules\express\lib\router\index.js:328:13)
    at D:\CFPWorkspace\New-Project\back-end\node_modules\express\lib\router\index.js:286:9
    at Function.process_params (D:\CFPWorkspace\New-Project\back-end\node_modules\express\lib\router\index.js:346:12)
    at next (D:\CFPWorkspace\New-Project\back-end\node_modules\express\lib\router\index.js:280:10)
    at Function.handle (D:\CFPWorkspace\New-Project\back-end\node_modules\express\lib\router\index.js:175:3)
    at router (D:\CFPWorkspace\New-Project\back-end\node_modules\express\lib\router\index.js:47:12)
    at Layer.handle [as handle_request] (D:\CFPWorkspace\New-Project\back-end\node_modules\express\lib\router\layer.js:95:5)
    at trim_prefix (D:\CFPWorkspace\New-Project\back-end\node_modules\express\lib\router\index.js:328:13)
    at D:\CFPWorkspace\New-Project\back-end\node_modules\express\lib\router\index.js:286:9
    at Function.process_params (D:\CFPWorkspace\New-Project\back-end\node_modules\express\lib\router\index.js:346:12)
    at next (D:\CFPWorkspace\New-Project\back-end\node_modules\express\lib\router\index.js:280:10)
    at logger (D:\CFPWorkspace\New-Project\back-end\node_modules\morgan\index.js:144:5)
    at Layer.handle [as handle_request] (D:\CFPWorkspace\New-Project\back-end\node_modules\express\lib\router\layer.js:95:5)
    at trim_prefix (D:\CFPWorkspace\New-Project\back-end\node_modules\express\lib\router\index.js:328:13)
    at D:\CFPWorkspace\New-Project\back-end\node_modules\express\lib\router\index.js:286:9
    at Function.process_params (D:\CFPWorkspace\New-Project\back-end\node_modules\express\lib\router\index.js:346:12)
    at next (D:\CFPWorkspace\New-Project\back-end\node_modules\express\lib\router\index.js:280:10)
    at D:\CFPWorkspace\New-Project\back-end\node_modules\body-parser\lib\read.js:137:5
    at AsyncResource.runInAsyncScope (node:async_hooks:206:9)
    at invokeCallback (D:\CFPWorkspace\New-Project\back-end\node_modules\raw-body\index.js:238:16)
    at done (D:\CFPWorkspace\New-Project\back-end\node_modules\raw-body\index.js:227:7)
    at IncomingMessage.onEnd (D:\CFPWorkspace\New-Project\back-end\node_modules\raw-body\index.js:287:7)
    at IncomingMessage.emit (node:events:519:28)
    at IncomingMessage.emit (node:domain:488:12)
    at endReadableNT (node:internal/streams/readable:1696:12) 
    url - /api/v1/users/login 
    method - POST 
    IP - ::1
   {"timestamp":"2024-03-14T12:13:36.835Z"}
error: 
    status - 500 
    message - Error: Geolocation is not supported by this browser.
    at _callee3$ (D:\CFPWorkspace\New-Project\back-end\src\services\/user.service.js:65:11)
    at tryCatch (D:\CFPWorkspace\New-Project\back-end\node_modules\@babel\runtime\helpers\regeneratorRuntime.js:45:16)
    at Generator.<anonymous> (D:\CFPWorkspace\New-Project\back-end\node_modules\@babel\runtime\helpers\regeneratorRuntime.js:133:17)
    at Generator.next (D:\CFPWorkspace\New-Project\back-end\node_modules\@babel\runtime\helpers\regeneratorRuntime.js:74:21)
    at asyncGeneratorStep (D:\CFPWorkspace\New-Project\back-end\node_modules\@babel\runtime\helpers\asyncToGenerator.js:3:24)
    at _next (D:\CFPWorkspace\New-Project\back-end\node_modules\@babel\runtime\helpers\asyncToGenerator.js:22:9)
    at D:\CFPWorkspace\New-Project\back-end\node_modules\@babel\runtime\helpers\asyncToGenerator.js:27:7
    at new Promise (<anonymous>)
    at Object.apply (D:\CFPWorkspace\New-Project\back-end\node_modules\@babel\runtime\helpers\asyncToGenerator.js:19:12)
    at Object.login (D:\CFPWorkspace\New-Project\back-end\src\services\/user.service.js:38:19)
    at _callee$ (D:\CFPWorkspace\New-Project\back-end\src\controllers\/user.controller.js:6:36)
    at tryCatch (D:\CFPWorkspace\New-Project\back-end\node_modules\@babel\runtime\helpers\regeneratorRuntime.js:45:16)
    at Generator.<anonymous> (D:\CFPWorkspace\New-Project\back-end\node_modules\@babel\runtime\helpers\regeneratorRuntime.js:133:17)
    at Generator.next (D:\CFPWorkspace\New-Project\back-end\node_modules\@babel\runtime\helpers\regeneratorRuntime.js:74:21)
    at asyncGeneratorStep (D:\CFPWorkspace\New-Project\back-end\node_modules\@babel\runtime\helpers\asyncToGenerator.js:3:24)
    at _next (D:\CFPWorkspace\New-Project\back-end\node_modules\@babel\runtime\helpers\asyncToGenerator.js:22:9)
    at D:\CFPWorkspace\New-Project\back-end\node_modules\@babel\runtime\helpers\asyncToGenerator.js:27:7
    at new Promise (<anonymous>)
    at apply (D:\CFPWorkspace\New-Project\back-end\node_modules\@babel\runtime\helpers\asyncToGenerator.js:19:12)
    at login (D:\CFPWorkspace\New-Project\back-end\src\controllers\/user.controller.js:4:19)
    at Layer.handle [as handle_request] (D:\CFPWorkspace\New-Project\back-end\node_modules\express\lib\router\layer.js:95:5)
    at next (D:\CFPWorkspace\New-Project\back-end\node_modules\express\lib\router\route.js:149:13)
    at Route.dispatch (D:\CFPWorkspace\New-Project\back-end\node_modules\express\lib\router\route.js:119:3)
    at Layer.handle [as handle_request] (D:\CFPWorkspace\New-Project\back-end\node_modules\express\lib\router\layer.js:95:5)
    at D:\CFPWorkspace\New-Project\back-end\node_modules\express\lib\router\index.js:284:15
    at Function.process_params (D:\CFPWorkspace\New-Project\back-end\node_modules\express\lib\router\index.js:346:12)
    at next (D:\CFPWorkspace\New-Project\back-end\node_modules\express\lib\router\index.js:280:10)
    at Function.handle (D:\CFPWorkspace\New-Project\back-end\node_modules\express\lib\router\index.js:175:3)
    at router (D:\CFPWorkspace\New-Project\back-end\node_modules\express\lib\router\index.js:47:12)
    at Layer.handle [as handle_request] (D:\CFPWorkspace\New-Project\back-end\node_modules\express\lib\router\layer.js:95:5)
    at trim_prefix (D:\CFPWorkspace\New-Project\back-end\node_modules\express\lib\router\index.js:328:13)
    at D:\CFPWorkspace\New-Project\back-end\node_modules\express\lib\router\index.js:286:9
    at Function.process_params (D:\CFPWorkspace\New-Project\back-end\node_modules\express\lib\router\index.js:346:12)
    at next (D:\CFPWorkspace\New-Project\back-end\node_modules\express\lib\router\index.js:280:10)
    at Function.handle (D:\CFPWorkspace\New-Project\back-end\node_modules\express\lib\router\index.js:175:3)
    at router (D:\CFPWorkspace\New-Project\back-end\node_modules\express\lib\router\index.js:47:12)
    at Layer.handle [as handle_request] (D:\CFPWorkspace\New-Project\back-end\node_modules\express\lib\router\layer.js:95:5)
    at trim_prefix (D:\CFPWorkspace\New-Project\back-end\node_modules\express\lib\router\index.js:328:13)
    at D:\CFPWorkspace\New-Project\back-end\node_modules\express\lib\router\index.js:286:9
    at Function.process_params (D:\CFPWorkspace\New-Project\back-end\node_modules\express\lib\router\index.js:346:12)
    at next (D:\CFPWorkspace\New-Project\back-end\node_modules\express\lib\router\index.js:280:10)
    at logger (D:\CFPWorkspace\New-Project\back-end\node_modules\morgan\index.js:144:5)
    at Layer.handle [as handle_request] (D:\CFPWorkspace\New-Project\back-end\node_modules\express\lib\router\layer.js:95:5)
    at trim_prefix (D:\CFPWorkspace\New-Project\back-end\node_modules\express\lib\router\index.js:328:13)
    at D:\CFPWorkspace\New-Project\back-end\node_modules\express\lib\router\index.js:286:9
    at Function.process_params (D:\CFPWorkspace\New-Project\back-end\node_modules\express\lib\router\index.js:346:12)
    at next (D:\CFPWorkspace\New-Project\back-end\node_modules\express\lib\router\index.js:280:10)
    at D:\CFPWorkspace\New-Project\back-end\node_modules\body-parser\lib\read.js:137:5
    at AsyncResource.runInAsyncScope (node:async_hooks:206:9)
    at invokeCallback (D:\CFPWorkspace\New-Project\back-end\node_modules\raw-body\index.js:238:16)
    at done (D:\CFPWorkspace\New-Project\back-end\node_modules\raw-body\index.js:227:7)
    at IncomingMessage.onEnd (D:\CFPWorkspace\New-Project\back-end\node_modules\raw-body\index.js:287:7)
    at IncomingMessage.emit (node:events:519:28)
    at IncomingMessage.emit (node:domain:488:12)
    at endReadableNT (node:internal/streams/readable:1696:12)
    at processTicksAndRejections (node:internal/process/task_queues:82:21) 
    url - /api/v1/users/login 
    method - POST 
    IP - ::1
   {"timestamp":"2024-03-14T12:16:41.869Z"}
error: 
    status - 500 
    message - Error: Geolocation is not supported by this browser.
    at _callee3$ (D:\CFPWorkspace\New-Project\back-end\src\services\/user.service.js:65:11)
    at tryCatch (D:\CFPWorkspace\New-Project\back-end\node_modules\@babel\runtime\helpers\regeneratorRuntime.js:45:16)
    at Generator.<anonymous> (D:\CFPWorkspace\New-Project\back-end\node_modules\@babel\runtime\helpers\regeneratorRuntime.js:133:17)
    at Generator.next (D:\CFPWorkspace\New-Project\back-end\node_modules\@babel\runtime\helpers\regeneratorRuntime.js:74:21)
    at asyncGeneratorStep (D:\CFPWorkspace\New-Project\back-end\node_modules\@babel\runtime\helpers\asyncToGenerator.js:3:24)
    at _next (D:\CFPWorkspace\New-Project\back-end\node_modules\@babel\runtime\helpers\asyncToGenerator.js:22:9)
    at D:\CFPWorkspace\New-Project\back-end\node_modules\@babel\runtime\helpers\asyncToGenerator.js:27:7
    at new Promise (<anonymous>)
    at Object.apply (D:\CFPWorkspace\New-Project\back-end\node_modules\@babel\runtime\helpers\asyncToGenerator.js:19:12)
    at Object.login (D:\CFPWorkspace\New-Project\back-end\src\services\/user.service.js:38:19)
    at _callee$ (D:\CFPWorkspace\New-Project\back-end\src\controllers\/user.controller.js:6:36)
    at tryCatch (D:\CFPWorkspace\New-Project\back-end\node_modules\@babel\runtime\helpers\regeneratorRuntime.js:45:16)
    at Generator.<anonymous> (D:\CFPWorkspace\New-Project\back-end\node_modules\@babel\runtime\helpers\regeneratorRuntime.js:133:17)
    at Generator.next (D:\CFPWorkspace\New-Project\back-end\node_modules\@babel\runtime\helpers\regeneratorRuntime.js:74:21)
    at asyncGeneratorStep (D:\CFPWorkspace\New-Project\back-end\node_modules\@babel\runtime\helpers\asyncToGenerator.js:3:24)
    at _next (D:\CFPWorkspace\New-Project\back-end\node_modules\@babel\runtime\helpers\asyncToGenerator.js:22:9)
    at D:\CFPWorkspace\New-Project\back-end\node_modules\@babel\runtime\helpers\asyncToGenerator.js:27:7
    at new Promise (<anonymous>)
    at apply (D:\CFPWorkspace\New-Project\back-end\node_modules\@babel\runtime\helpers\asyncToGenerator.js:19:12)
    at login (D:\CFPWorkspace\New-Project\back-end\src\controllers\/user.controller.js:4:19)
    at Layer.handle [as handle_request] (D:\CFPWorkspace\New-Project\back-end\node_modules\express\lib\router\layer.js:95:5)
    at next (D:\CFPWorkspace\New-Project\back-end\node_modules\express\lib\router\route.js:149:13)
    at Route.dispatch (D:\CFPWorkspace\New-Project\back-end\node_modules\express\lib\router\route.js:119:3)
    at Layer.handle [as handle_request] (D:\CFPWorkspace\New-Project\back-end\node_modules\express\lib\router\layer.js:95:5)
    at D:\CFPWorkspace\New-Project\back-end\node_modules\express\lib\router\index.js:284:15
    at Function.process_params (D:\CFPWorkspace\New-Project\back-end\node_modules\express\lib\router\index.js:346:12)
    at next (D:\CFPWorkspace\New-Project\back-end\node_modules\express\lib\router\index.js:280:10)
    at Function.handle (D:\CFPWorkspace\New-Project\back-end\node_modules\express\lib\router\index.js:175:3)
    at router (D:\CFPWorkspace\New-Project\back-end\node_modules\express\lib\router\index.js:47:12)
    at Layer.handle [as handle_request] (D:\CFPWorkspace\New-Project\back-end\node_modules\express\lib\router\layer.js:95:5)
    at trim_prefix (D:\CFPWorkspace\New-Project\back-end\node_modules\express\lib\router\index.js:328:13)
    at D:\CFPWorkspace\New-Project\back-end\node_modules\express\lib\router\index.js:286:9
    at Function.process_params (D:\CFPWorkspace\New-Project\back-end\node_modules\express\lib\router\index.js:346:12)
    at next (D:\CFPWorkspace\New-Project\back-end\node_modules\express\lib\router\index.js:280:10)
    at Function.handle (D:\CFPWorkspace\New-Project\back-end\node_modules\express\lib\router\index.js:175:3)
    at router (D:\CFPWorkspace\New-Project\back-end\node_modules\express\lib\router\index.js:47:12)
    at Layer.handle [as handle_request] (D:\CFPWorkspace\New-Project\back-end\node_modules\express\lib\router\layer.js:95:5)
    at trim_prefix (D:\CFPWorkspace\New-Project\back-end\node_modules\express\lib\router\index.js:328:13)
    at D:\CFPWorkspace\New-Project\back-end\node_modules\express\lib\router\index.js:286:9
    at Function.process_params (D:\CFPWorkspace\New-Project\back-end\node_modules\express\lib\router\index.js:346:12)
    at next (D:\CFPWorkspace\New-Project\back-end\node_modules\express\lib\router\index.js:280:10)
    at logger (D:\CFPWorkspace\New-Project\back-end\node_modules\morgan\index.js:144:5)
    at Layer.handle [as handle_request] (D:\CFPWorkspace\New-Project\back-end\node_modules\express\lib\router\layer.js:95:5)
    at trim_prefix (D:\CFPWorkspace\New-Project\back-end\node_modules\express\lib\router\index.js:328:13)
    at D:\CFPWorkspace\New-Project\back-end\node_modules\express\lib\router\index.js:286:9
    at Function.process_params (D:\CFPWorkspace\New-Project\back-end\node_modules\express\lib\router\index.js:346:12)
    at next (D:\CFPWorkspace\New-Project\back-end\node_modules\express\lib\router\index.js:280:10)
    at D:\CFPWorkspace\New-Project\back-end\node_modules\body-parser\lib\read.js:137:5
    at AsyncResource.runInAsyncScope (node:async_hooks:206:9)
    at invokeCallback (D:\CFPWorkspace\New-Project\back-end\node_modules\raw-body\index.js:238:16)
    at done (D:\CFPWorkspace\New-Project\back-end\node_modules\raw-body\index.js:227:7)
    at IncomingMessage.onEnd (D:\CFPWorkspace\New-Project\back-end\node_modules\raw-body\index.js:287:7)
    at IncomingMessage.emit (node:events:519:28)
    at IncomingMessage.emit (node:domain:488:12)
    at endReadableNT (node:internal/streams/readable:1696:12)
    at processTicksAndRejections (node:internal/process/task_queues:82:21) 
    url - /api/v1/users/login 
    method - POST 
    IP - ::1
   {"timestamp":"2024-03-14T12:18:23.807Z"}
error: 
    status - 500 
    message - Error: Geolocation is not supported by this browser.
    at _callee3$ (D:\CFPWorkspace\New-Project\back-end\src\services\/user.service.js:66:11)
    at tryCatch (D:\CFPWorkspace\New-Project\back-end\node_modules\@babel\runtime\helpers\regeneratorRuntime.js:45:16)
    at Generator.<anonymous> (D:\CFPWorkspace\New-Project\back-end\node_modules\@babel\runtime\helpers\regeneratorRuntime.js:133:17)
    at Generator.next (D:\CFPWorkspace\New-Project\back-end\node_modules\@babel\runtime\helpers\regeneratorRuntime.js:74:21)
    at asyncGeneratorStep (D:\CFPWorkspace\New-Project\back-end\node_modules\@babel\runtime\helpers\asyncToGenerator.js:3:24)
    at _next (D:\CFPWorkspace\New-Project\back-end\node_modules\@babel\runtime\helpers\asyncToGenerator.js:22:9)
    at D:\CFPWorkspace\New-Project\back-end\node_modules\@babel\runtime\helpers\asyncToGenerator.js:27:7
    at new Promise (<anonymous>)
    at Object.apply (D:\CFPWorkspace\New-Project\back-end\node_modules\@babel\runtime\helpers\asyncToGenerator.js:19:12)
    at Object.login (D:\CFPWorkspace\New-Project\back-end\src\services\/user.service.js:38:19)
    at _callee$ (D:\CFPWorkspace\New-Project\back-end\src\controllers\/user.controller.js:6:36)
    at tryCatch (D:\CFPWorkspace\New-Project\back-end\node_modules\@babel\runtime\helpers\regeneratorRuntime.js:45:16)
    at Generator.<anonymous> (D:\CFPWorkspace\New-Project\back-end\node_modules\@babel\runtime\helpers\regeneratorRuntime.js:133:17)
    at Generator.next (D:\CFPWorkspace\New-Project\back-end\node_modules\@babel\runtime\helpers\regeneratorRuntime.js:74:21)
    at asyncGeneratorStep (D:\CFPWorkspace\New-Project\back-end\node_modules\@babel\runtime\helpers\asyncToGenerator.js:3:24)
    at _next (D:\CFPWorkspace\New-Project\back-end\node_modules\@babel\runtime\helpers\asyncToGenerator.js:22:9)
    at D:\CFPWorkspace\New-Project\back-end\node_modules\@babel\runtime\helpers\asyncToGenerator.js:27:7
    at new Promise (<anonymous>)
    at apply (D:\CFPWorkspace\New-Project\back-end\node_modules\@babel\runtime\helpers\asyncToGenerator.js:19:12)
    at login (D:\CFPWorkspace\New-Project\back-end\src\controllers\/user.controller.js:4:19)
    at Layer.handle [as handle_request] (D:\CFPWorkspace\New-Project\back-end\node_modules\express\lib\router\layer.js:95:5)
    at next (D:\CFPWorkspace\New-Project\back-end\node_modules\express\lib\router\route.js:149:13)
    at Route.dispatch (D:\CFPWorkspace\New-Project\back-end\node_modules\express\lib\router\route.js:119:3)
    at Layer.handle [as handle_request] (D:\CFPWorkspace\New-Project\back-end\node_modules\express\lib\router\layer.js:95:5)
    at D:\CFPWorkspace\New-Project\back-end\node_modules\express\lib\router\index.js:284:15
    at Function.process_params (D:\CFPWorkspace\New-Project\back-end\node_modules\express\lib\router\index.js:346:12)
    at next (D:\CFPWorkspace\New-Project\back-end\node_modules\express\lib\router\index.js:280:10)
    at Function.handle (D:\CFPWorkspace\New-Project\back-end\node_modules\express\lib\router\index.js:175:3)
    at router (D:\CFPWorkspace\New-Project\back-end\node_modules\express\lib\router\index.js:47:12)
    at Layer.handle [as handle_request] (D:\CFPWorkspace\New-Project\back-end\node_modules\express\lib\router\layer.js:95:5)
    at trim_prefix (D:\CFPWorkspace\New-Project\back-end\node_modules\express\lib\router\index.js:328:13)
    at D:\CFPWorkspace\New-Project\back-end\node_modules\express\lib\router\index.js:286:9
    at Function.process_params (D:\CFPWorkspace\New-Project\back-end\node_modules\express\lib\router\index.js:346:12)
    at next (D:\CFPWorkspace\New-Project\back-end\node_modules\express\lib\router\index.js:280:10)
    at Function.handle (D:\CFPWorkspace\New-Project\back-end\node_modules\express\lib\router\index.js:175:3)
    at router (D:\CFPWorkspace\New-Project\back-end\node_modules\express\lib\router\index.js:47:12)
    at Layer.handle [as handle_request] (D:\CFPWorkspace\New-Project\back-end\node_modules\express\lib\router\layer.js:95:5)
    at trim_prefix (D:\CFPWorkspace\New-Project\back-end\node_modules\express\lib\router\index.js:328:13)
    at D:\CFPWorkspace\New-Project\back-end\node_modules\express\lib\router\index.js:286:9
    at Function.process_params (D:\CFPWorkspace\New-Project\back-end\node_modules\express\lib\router\index.js:346:12)
    at next (D:\CFPWorkspace\New-Project\back-end\node_modules\express\lib\router\index.js:280:10)
    at logger (D:\CFPWorkspace\New-Project\back-end\node_modules\morgan\index.js:144:5)
    at Layer.handle [as handle_request] (D:\CFPWorkspace\New-Project\back-end\node_modules\express\lib\router\layer.js:95:5)
    at trim_prefix (D:\CFPWorkspace\New-Project\back-end\node_modules\express\lib\router\index.js:328:13)
    at D:\CFPWorkspace\New-Project\back-end\node_modules\express\lib\router\index.js:286:9
    at Function.process_params (D:\CFPWorkspace\New-Project\back-end\node_modules\express\lib\router\index.js:346:12)
    at next (D:\CFPWorkspace\New-Project\back-end\node_modules\express\lib\router\index.js:280:10)
    at D:\CFPWorkspace\New-Project\back-end\node_modules\body-parser\lib\read.js:137:5
    at AsyncResource.runInAsyncScope (node:async_hooks:206:9)
    at invokeCallback (D:\CFPWorkspace\New-Project\back-end\node_modules\raw-body\index.js:238:16)
    at done (D:\CFPWorkspace\New-Project\back-end\node_modules\raw-body\index.js:227:7)
    at IncomingMessage.onEnd (D:\CFPWorkspace\New-Project\back-end\node_modules\raw-body\index.js:287:7)
    at IncomingMessage.emit (node:events:519:28)
    at IncomingMessage.emit (node:domain:488:12)
    at endReadableNT (node:internal/streams/readable:1696:12)
    at processTicksAndRejections (node:internal/process/task_queues:82:21) 
    url - /api/v1/users/login 
    method - POST 
    IP - ::1
   {"timestamp":"2024-03-14T12:21:09.660Z"}
error: 
    status - 500 
    message - ReferenceError: Latitude is not defined
    at _callee2$ (D:\CFPWorkspace\New-Project\back-end\src\services\/user.service.js:28:28)
    at tryCatch (D:\CFPWorkspace\New-Project\back-end\node_modules\@babel\runtime\helpers\regeneratorRuntime.js:45:16)
    at Generator.<anonymous> (D:\CFPWorkspace\New-Project\back-end\node_modules\@babel\runtime\helpers\regeneratorRuntime.js:133:17)
    at Generator.next (D:\CFPWorkspace\New-Project\back-end\node_modules\@babel\runtime\helpers\regeneratorRuntime.js:74:21)
    at asyncGeneratorStep (D:\CFPWorkspace\New-Project\back-end\node_modules\@babel\runtime\helpers\asyncToGenerator.js:3:24)
    at _next (D:\CFPWorkspace\New-Project\back-end\node_modules\@babel\runtime\helpers\asyncToGenerator.js:22:9)
    at processTicksAndRejections (node:internal/process/task_queues:95:5) 
    url - /api/v1/users/login 
    method - POST 
    IP - ::1
   {"timestamp":"2024-03-14T12:22:53.334Z"}
